2023-10-06 07:36:57 +0000  Initial pipeline context: <IDEDistributionProcessingPipelineContext: 0x7fca8122b170; archive(resolved)="<IDEArchive: 0x60001b6eff60>", distributionTask(resolved)="2", distributionDestination(resolved)="1", distributionMethod(resolved)="<IDEDistributionMethodDevelopmentSigned: 0x60001d065490>", team(resolved)="<IDEProvisioningDisambiguatableBasicTeam: 0x600000e6d940; teamID='2ZK9UMCA7V', teamName='Mill Applications Company SA', teamType='Company', username='carlos.zapata@bluumi.com', isFreeProvisioningTeam='0'>">
	Chain (15, self inclusive):
	<IDEDistributionProcessingPipelineContext: 0x7fca8122b170; archive = "<IDEArchive: 0x60001b6eff60>", distributionMethod="<IDEDistributionMethodDevelopmentSigned: 0x60001d065490>", team="<IDEProvisioningDisambiguatableBasicTeam: 0x600000e6d940; teamID='2ZK9UMCA7V', teamName='Mill Applications Company SA', teamType='Company', username='carlos.zapata@bluumi.com', isFreeProvisioningTeam='0'>">
	<IDEDistributionProcessingPipelineContext: 0x7fca8122aed0; archive = "<IDEArchive: 0x60001b6eff60>", distributionMethod="<IDEDistributionMethodDevelopmentSigned: 0x60001d065490>", team="<IDEProvisioningDisambiguatableBasicTeam: 0x600000e6d940; teamID='2ZK9UMCA7V', teamName='Mill Applications Company SA', teamType='Company', username='carlos.zapata@bluumi.com', isFreeProvisioningTeam='0'>">
	<IDEDistributionContext: 0x7fca9440c860; archive = "<IDEArchive: 0x60001b6eff60>", distributionMethod="<IDEDistributionMethodDevelopmentSigned: 0x60001d065490>", team="<IDEProvisioningDisambiguatableBasicTeam: 0x600000e6d940; teamID='2ZK9UMCA7V', teamName='Mill Applications Company SA', teamType='Company', username='carlos.zapata@bluumi.com', isFreeProvisioningTeam='0'>">
	<IDEDistributionContext: 0x7fca7dfe29b0; archive = "<IDEArchive: 0x60001b6eff60>", distributionMethod="<IDEDistributionMethodDevelopmentSigned: 0x60001d065490>", team="<IDEProvisioningDisambiguatableBasicTeam: 0x600000e6d940; teamID='2ZK9UMCA7V', teamName='Mill Applications Company SA', teamType='Company', username='carlos.zapata@bluumi.com', isFreeProvisioningTeam='0'>">
	<IDEDistributionContext: 0x7fca7dfd5310; archive = "<IDEArchive: 0x60001b6eff60>", distributionMethod="<IDEDistributionMethodDevelopmentSigned: 0x60001d065490>", team="<IDEProvisioningDisambiguatableBasicTeam: 0x600000e6d940; teamID='2ZK9UMCA7V', teamName='Mill Applications Company SA', teamType='Company', username='carlos.zapata@bluumi.com', isFreeProvisioningTeam='0'>">
	<IDEDistributionContext: 0x7fca7dfd6440; archive = "<IDEArchive: 0x60001b6eff60>", distributionMethod="<IDEDistributionMethodDevelopmentSigned: 0x60001d065490>", team="<IDEProvisioningDisambiguatableBasicTeam: 0x600000e6d940; teamID='2ZK9UMCA7V', teamName='Mill Applications Company SA', teamType='Company', username='carlos.zapata@bluumi.com', isFreeProvisioningTeam='0'>">
	<IDEDistributionContext: 0x7fca94064ba0; archive = "<IDEArchive: 0x60001b6eff60>", distributionMethod="<IDEDistributionMethodDevelopmentSigned: 0x60001d065490>", team="<IDEProvisioningDisambiguatableBasicTeam: 0x600000e6d940; teamID='2ZK9UMCA7V', teamName='Mill Applications Company SA', teamType='Company', username='carlos.zapata@bluumi.com', isFreeProvisioningTeam='0'>">
	<IDEDistributionContext: 0x7fca9a4c5550; archive = "<IDEArchive: 0x60001b6eff60>", distributionMethod="<IDEDistributionMethodDevelopmentSigned: 0x60001d065490>", team="<IDEProvisioningDisambiguatableBasicTeam: 0x600000e6d940; teamID='2ZK9UMCA7V', teamName='Mill Applications Company SA', teamType='Company', username='carlos.zapata@bluumi.com', isFreeProvisioningTeam='0'>">
	<IDEDistributionContext: 0x7fca81291860; archive = "<IDEArchive: 0x60001b6eff60>", distributionMethod="<IDEDistributionMethodDevelopmentSigned: 0x60001d065490>", team="<IDEProvisioningDisambiguatableBasicTeam: 0x600000e6d940; teamID='2ZK9UMCA7V', teamName='Mill Applications Company SA', teamType='Company', username='carlos.zapata@bluumi.com', isFreeProvisioningTeam='0'>">
	<IDEDistributionContext: 0x7fca9a4c5320; archive = "<IDEArchive: 0x60001b6eff60>", distributionMethod="<IDEDistributionMethodDevelopmentSigned: 0x60001d065490>", team="(null)">
	<IDEDistributionContext: 0x7fca81272700; archive = "<IDEArchive: 0x60001b6eff60>", distributionMethod="<IDEDistributionMethodDevelopmentSigned: 0x60001d065490>", team="(null)">
	<IDEDistributionContext: 0x7fca8ea05c20; archive = "<IDEArchive: 0x60001b6eff60>", distributionMethod="<IDEDistributionMethodDevelopmentSigned: 0x60001d065490>", team="(null)">
	<IDEDistributionContext: 0x7fca9a4c9db0; archive = "<IDEArchive: 0x60001b6eff60>", distributionMethod="(null)", team="(null)">
	<IDEDistributionContext: 0x7fca970c8cb0; archive = "<IDEArchive: 0x60001b6eff60>", distributionMethod="(null)", team="(null)">
	<IDEDistributionContext: 0x7fca8c067c10; archive = "<IDEArchive: 0x60001b6eff60>", distributionMethod="(null)", team="(null)">
</IDEDistributionProcessingPipelineContext: 0x7fca8122b170>
2023-10-06 07:36:57 +0000  Processing step: IDEDistributionCreateDestRootStep
2023-10-06 07:36:57 +0000  Processing step: IDEDistributionCopyItemStep
2023-10-06 07:36:57 +0000  Running /usr/bin/ditto '-V' '/Users/bluumi/Library/Developer/Xcode/Archives/2023-10-06/Galiani 6-10-23, 09.34.xcarchive/Products/Applications/Galiani.app' '/var/folders/7j/wm6cxdy168sgx2wt6vx1nqk80000gn/T/XcodeDistPipeline.~~~WcLh7W/Root/Payload/Galiani.app'
2023-10-06 07:36:57 +0000  >>> Copying /Users/bluumi/Library/Developer/Xcode/Archives/2023-10-06/Galiani 6-10-23, 09.34.xcarchive/Products/Applications/Galiani.app 
2023-10-06 07:36:57 +0000  copying file ./CommonInitButtonView.nib ... 
2023-10-06 07:36:57 +0000  1124 bytes for ./CommonInitButtonView.nib
2023-10-06 07:36:57 +0000  copying file ./_CodeSignature/CodeResources ... 
2023-10-06 07:36:57 +0000  16274 bytes for ./_CodeSignature/CodeResources
2023-10-06 07:36:57 +0000  copying file ./LoginEmailViewController.nib ... 
2023-10-06 07:36:57 +0000  12022 bytes for ./LoginEmailViewController.nib
copying file ./CommonWriteChatView.nib ... 
2023-10-06 07:36:57 +0000  3819 bytes for ./CommonWriteChatView.nib
copying file ./TestCell.nib ... 
2023-10-06 07:36:57 +0000  4838 bytes for ./TestCell.nib
2023-10-06 07:36:57 +0000  copying file ./InitiationViewController.nib ... 
2023-10-06 07:36:57 +0000  9122 bytes for ./InitiationViewController.nib
2023-10-06 07:36:57 +0000  copying file ./CommonLoginTextfield.nib ... 
2023-10-06 07:36:57 +0000  4100 bytes for ./CommonLoginTextfield.nib
2023-10-06 07:36:57 +0000  copying file ./en.lproj/Localizable.strings ... 
2023-10-06 07:36:57 +0000  5406 bytes for ./en.lproj/Localizable.strings
2023-10-06 07:36:57 +0000  copying file ./CommonInputTextField.nib ... 
2023-10-06 07:36:57 +0000  2193 bytes for ./CommonInputTextField.nib
2023-10-06 07:36:57 +0000  copying file ./PdfViewController.nib ... 
2023-10-06 07:36:57 +0000  2262 bytes for ./PdfViewController.nib
2023-10-06 07:36:57 +0000  copying file ./VideosButtonView.nib ... 
2023-10-06 07:36:57 +0000  2717 bytes for ./VideosButtonView.nib
2023-10-06 07:36:57 +0000  copying file ./QuestionsCell.nib ... 
2023-10-06 07:36:57 +0000  5056 bytes for ./QuestionsCell.nib
2023-10-06 07:36:57 +0000  copying file ./CommonFieldView.nib ... 
2023-10-06 07:36:57 +0000  4552 bytes for ./CommonFieldView.nib
2023-10-06 07:36:57 +0000  copying file ./es.lproj/LaunchScreen.strings ... 
2023-10-06 07:36:57 +0000  1 bytes for ./es.lproj/LaunchScreen.strings
copying file ./es.lproj/Localizable.strings ... 
2023-10-06 07:36:57 +0000  5423 bytes for ./es.lproj/Localizable.strings
2023-10-06 07:36:57 +0000  copying file ./VideoCell.nib ... 
2023-10-06 07:36:57 +0000  7423 bytes for ./VideoCell.nib
2023-10-06 07:36:57 +0000  copying file ./MapsViewController.nib ... 
2023-10-06 07:36:57 +0000  4882 bytes for ./MapsViewController.nib
2023-10-06 07:36:57 +0000  copying file ./PolicyCell.nib ... 
2023-10-06 07:36:57 +0000  6373 bytes for ./PolicyCell.nib
2023-10-06 07:36:57 +0000  copying file ./NotificationsCell.nib ... 
2023-10-06 07:36:57 +0000  5840 bytes for ./NotificationsCell.nib
2023-10-06 07:36:57 +0000  copying file ./DiaryViewController.nib ... 
2023-10-06 07:36:57 +0000  2975 bytes for ./DiaryViewController.nib
2023-10-06 07:36:57 +0000  copying file ./CompanyViewController.nib ... 
2023-10-06 07:36:57 +0000  10187 bytes for ./CompanyViewController.nib
2023-10-06 07:36:57 +0000  copying file ./Raleway-Regular.ttf ... 
2023-10-06 07:36:57 +0000  163388 bytes for ./Raleway-Regular.ttf
2023-10-06 07:36:57 +0000  copying file ./SDWebImage_SDWebImage.bundle/PrivacyInfo.xcprivacy ... 
2023-10-06 07:36:57 +0000  599 bytes for ./SDWebImage_SDWebImage.bundle/PrivacyInfo.xcprivacy
2023-10-06 07:36:57 +0000  copying file ./SDWebImage_SDWebImage.bundle/Info.plist ... 
2023-10-06 07:36:57 +0000  691 bytes for ./SDWebImage_SDWebImage.bundle/Info.plist
2023-10-06 07:36:57 +0000  copying file ./ProfileViewController.nib ... 
2023-10-06 07:36:57 +0000  23175 bytes for ./ProfileViewController.nib
2023-10-06 07:36:57 +0000  copying file ./CommonTextfield.nib ... 
2023-10-06 07:36:57 +0000  4100 bytes for ./CommonTextfield.nib
2023-10-06 07:36:57 +0000  copying file ./HomeViewController.nib ... 
2023-10-06 07:36:57 +0000  1225 bytes for ./HomeViewController.nib
2023-10-06 07:36:57 +0000  copying file ./GenderCollectionViewCell.nib ... 
2023-10-06 07:36:57 +0000  4044 bytes for ./GenderCollectionViewCell.nib
2023-10-06 07:36:57 +0000  copying file ./Base.lproj/LaunchScreen.storyboardc/01J-lp-oVM-view-Ze5-6b-2t3.nib ... 
2023-10-06 07:36:57 +0000  2755 bytes for ./Base.lproj/LaunchScreen.storyboardc/01J-lp-oVM-view-Ze5-6b-2t3.nib
2023-10-06 07:36:57 +0000  copying file ./Base.lproj/LaunchScreen.storyboardc/UIViewController-01J-lp-oVM.nib ... 
2023-10-06 07:36:57 +0000  924 bytes for ./Base.lproj/LaunchScreen.storyboardc/UIViewController-01J-lp-oVM.nib
2023-10-06 07:36:57 +0000  copying file ./Base.lproj/LaunchScreen.storyboardc/Info.plist ... 
2023-10-06 07:36:57 +0000  258 bytes for ./Base.lproj/LaunchScreen.storyboardc/Info.plist
2023-10-06 07:36:57 +0000  copying file ./CategoryCell.nib ... 
2023-10-06 07:36:57 +0000  4309 bytes for ./CategoryCell.nib
2023-10-06 07:36:57 +0000  copying file ./README.md ... 
2023-10-06 07:36:57 +0000  6214 bytes for ./README.md
2023-10-06 07:36:57 +0000  copying file ./GuideViewController.nib ... 
2023-10-06 07:36:57 +0000  5765 bytes for ./GuideViewController.nib
2023-10-06 07:36:57 +0000  copying file ./SliderCollectionViewCell.nib ... 
2023-10-06 07:36:57 +0000  3847 bytes for ./SliderCollectionViewCell.nib
2023-10-06 07:36:57 +0000  copying file ./PopUpDeleteViewController.nib ... 
2023-10-06 07:36:57 +0000  6327 bytes for ./PopUpDeleteViewController.nib
2023-10-06 07:36:57 +0000  copying file ./Assets.car ... 
2023-10-06 07:36:57 +0000  300287 bytes for ./Assets.car
2023-10-06 07:36:57 +0000  copying file ./TestViewController.nib ... 
2023-10-06 07:36:57 +0000  8693 bytes for ./TestViewController.nib
2023-10-06 07:36:57 +0000  copying file ./GuideSafariViewController.nib ... 
2023-10-06 07:36:57 +0000  4710 bytes for ./GuideSafariViewController.nib
2023-10-06 07:36:57 +0000  copying file ./RecoverPasswordViewController.nib ... 
2023-10-06 07:36:57 +0000  10592 bytes for ./RecoverPasswordViewController.nib
2023-10-06 07:36:57 +0000  copying file ./MenuViewController.nib ... 
2023-10-06 07:36:57 +0000  4381 bytes for ./MenuViewController.nib
2023-10-06 07:36:57 +0000  copying file ./CoachingViewController.nib ... 
2023-10-06 07:36:57 +0000  4348 bytes for ./CoachingViewController.nib
2023-10-06 07:36:57 +0000  copying file ./Galiani ... 
2023-10-06 07:36:57 +0000  1863104 bytes for ./Galiani
2023-10-06 07:36:57 +0000  copying file ./GuideCell.nib ... 
2023-10-06 07:36:57 +0000  4673 bytes for ./GuideCell.nib
2023-10-06 07:36:57 +0000  copying file ./chatBot.html ... 
2023-10-06 07:36:57 +0000  1076 bytes for ./chatBot.html
2023-10-06 07:36:57 +0000  copying file ./ChatCell.nib ... 
2023-10-06 07:36:57 +0000  4453 bytes for ./ChatCell.nib
2023-10-06 07:36:57 +0000  copying file ./HomeItemViewController.nib ... 
2023-10-06 07:36:57 +0000  6475 bytes for ./HomeItemViewController.nib
2023-10-06 07:36:57 +0000  copying file ./PlanCell.nib ... 
2023-10-06 07:36:57 +0000  9720 bytes for ./PlanCell.nib
2023-10-06 07:36:57 +0000  copying file ./SplashViewController.nib ... 
2023-10-06 07:36:57 +0000  3247 bytes for ./SplashViewController.nib
2023-10-06 07:36:57 +0000  copying file ./ToolBoxViewController.nib ... 
2023-10-06 07:36:57 +0000  8764 bytes for ./ToolBoxViewController.nib
2023-10-06 07:36:57 +0000  copying file ./DetailToolBoxViewController.nib ... 
2023-10-06 07:36:57 +0000  8769 bytes for ./DetailToolBoxViewController.nib
2023-10-06 07:36:57 +0000  copying file ./CommonGalianiNavigationBar.nib ... 
2023-10-06 07:36:57 +0000  2774 bytes for ./CommonGalianiNavigationBar.nib
2023-10-06 07:36:57 +0000  copying file ./InitiationProgressBarView.nib ... 
2023-10-06 07:36:57 +0000  4133 bytes for ./InitiationProgressBarView.nib
2023-10-06 07:36:57 +0000  copying file ./DateViewController.nib ... 
2023-10-06 07:36:57 +0000  1225 bytes for ./DateViewController.nib
2023-10-06 07:36:57 +0000  copying file ./embedded.mobileprovision ... 
2023-10-06 07:36:57 +0000  32938 bytes for ./embedded.mobileprovision
2023-10-06 07:36:57 +0000  copying file ./MenuCell.nib ... 
2023-10-06 07:36:57 +0000  4465 bytes for ./MenuCell.nib
2023-10-06 07:36:57 +0000  copying file ./MapsCell.nib ... 
2023-10-06 07:36:57 +0000  4383 bytes for ./MapsCell.nib
2023-10-06 07:36:57 +0000  copying file ./Raleway-Bold.ttf ... 
2023-10-06 07:36:57 +0000  163276 bytes for ./Raleway-Bold.ttf
2023-10-06 07:36:57 +0000  copying file ./Info.plist ... 
2023-10-06 07:36:57 +0000  1573 bytes for ./Info.plist
2023-10-06 07:36:57 +0000  copying file ./ScriptViewController.nib ... 
2023-10-06 07:36:57 +0000  3766 bytes for ./ScriptViewController.nib
2023-10-06 07:36:57 +0000  copying file ./CommonNavigationBar.nib ... 
2023-10-06 07:36:57 +0000  6210 bytes for ./CommonNavigationBar.nib
2023-10-06 07:36:57 +0000  copying file ./PkgInfo ... 
2023-10-06 07:36:57 +0000  8 bytes for ./PkgInfo
2023-10-06 07:36:57 +0000  copying file ./SignUpViewController.nib ... 
2023-10-06 07:36:57 +0000  13089 bytes for ./SignUpViewController.nib
2023-10-06 07:36:57 +0000  copying file ./DiaryCell.nib ... 
2023-10-06 07:36:57 +0000  5669 bytes for ./DiaryCell.nib
2023-10-06 07:36:57 +0000  /usr/bin/ditto exited with 0
2023-10-06 07:36:57 +0000  Processing step: IDEDistributionEmbedProfileStep
2023-10-06 07:36:57 +0000  Processing step: IDEDistributionInfoPlistStep
2023-10-06 07:36:58 +0000  Skipping step: IDEDistributionInfoPlistStep because it said so
2023-10-06 07:36:58 +0000  Processing step: IDEDistributionAppThinningPlistStep
2023-10-06 07:36:58 +0000  Skipping step: IDEDistributionAppThinningPlistStep because it said so
2023-10-06 07:36:58 +0000  Processing step: IDEDistributionCompileBitcodeStep
2023-10-06 07:36:58 +0000  Skipping step: IDEDistributionCompileBitcodeStep because it said so
2023-10-06 07:36:58 +0000  Processing step: IDEDistributionCodeSlimmingStep
2023-10-06 07:36:58 +0000  Processing step: IDEDistributionCopyBCSymbolMapsStep
2023-10-06 07:36:58 +0000  Skipping step: IDEDistributionCopyBCSymbolMapsStep because it said so
2023-10-06 07:36:58 +0000  Processing step: IDEDistributionSymbolsStep
2023-10-06 07:36:58 +0000  Skipping step: IDEDistributionSymbolsStep because it said so
2023-10-06 07:36:58 +0000  Processing step: IDEDistributionAppThinningStep
2023-10-06 07:36:58 +0000  Skipping step: IDEDistributionAppThinningStep because it said so
2023-10-06 07:36:58 +0000  Processing step: IDEDistributionArchThinningStep
2023-10-06 07:36:58 +0000  Running /Users/bluumi/Downloads/Xcode 15 beta/Xcode-beta.app/Contents/Developer/Toolchains/XcodeDefault.xctoolchain/usr/bin/lipo '/var/folders/7j/wm6cxdy168sgx2wt6vx1nqk80000gn/T/XcodeDistPipeline.~~~WcLh7W/Root/Payload/Galiani.app/Galiani' '-verify_arch' 'arm64e'
2023-10-06 07:36:58 +0000  /Users/bluumi/Downloads/Xcode 15 beta/Xcode-beta.app/Contents/Developer/Toolchains/XcodeDefault.xctoolchain/usr/bin/lipo exited with 1
2023-10-06 07:36:58 +0000  Skipping architecture thinning for item "Galiani" because arch "arm64e" wasn't found
2023-10-06 07:36:58 +0000  Processing step: IDEDistributionODRStep
2023-10-06 07:36:58 +0000  Processing step: IDEDistributionStripXattrsStep
2023-10-06 07:36:58 +0000  Running /usr/bin/xattr '-crs' '/var/folders/7j/wm6cxdy168sgx2wt6vx1nqk80000gn/T/XcodeDistPipeline.~~~WcLh7W/Root/Payload/Galiani.app'
2023-10-06 07:36:58 +0000  /usr/bin/xattr exited with 0
2023-10-06 07:36:58 +0000  Processing step: IDEDistributionCodesignStep
2023-10-06 07:36:58 +0000  Entitlements for <IDEDistributionItem: 0x60001b8386c0; bundleID='org.identi.Galiani', path='<DVTFilePath:0x60000bb39420:'/Users/bluumi/Library/Developer/Xcode/Archives/2023-10-06/Galiani 6-10-23, 09.34.xcarchive/Products/Applications/Galiani.app'>', codeSigningInfo='<_DVTCodeSigningInformation_Path: 0x60004b1c98b0; isSigned='1', isAdHocSigned='0', signingCertificate='<DVTSigningCertificate: 0x600002893780; name='Apple Development: Helio Martín (V26LG2FRV6)', hash='FCD496D067410FC6581C75F47507A4FA1ECD06A5', serialNumber='1B07EB9658EB75BC6FEB49177529E15E', certificateKinds='(
    "1.2.840.113635.100.6.1.12",
    "1.2.840.113635.100.6.1.2"
), issueDate='2023-07-14 15:23:42 +0000''>', entitlements='{
    "application-identifier" = "2ZK9UMCA7V.org.identi.Galiani";
    "com.apple.developer.team-identifier" = 2ZK9UMCA7V;
    "get-task-allow" = 1;
}', teamID='2ZK9UMCA7V', identifier='org.identi.Galiani', executablePath='<DVTFilePath:0x60001b771f20:'/Users/bluumi/Library/Developer/Xcode/Archives/2023-10-06/Galiani 6-10-23, 09.34.xcarchive/Products/Applications/Galiani.app/Galiani'>', hardenedRuntime='0'>'>: {
    "application-identifier" = "2ZK9UMCA7V.org.identi.Galiani";
    "com.apple.developer.team-identifier" = 2ZK9UMCA7V;
    "get-task-allow" = 1;
}
2023-10-06 07:36:58 +0000  Associated App Clip Identifiers Filter: Skipping because "com.apple.developer.associated-appclip-app-identifiers" is not present
2023-10-06 07:36:58 +0000  Entitlements for <IDEDistributionItem: 0x60001b8386c0; bundleID='org.identi.Galiani', path='<DVTFilePath:0x60000bb39420:'/Users/bluumi/Library/Developer/Xcode/Archives/2023-10-06/Galiani 6-10-23, 09.34.xcarchive/Products/Applications/Galiani.app'>', codeSigningInfo='<_DVTCodeSigningInformation_Path: 0x60004b1c98b0; isSigned='1', isAdHocSigned='0', signingCertificate='<DVTSigningCertificate: 0x600006733cc0; name='Apple Development: Helio Martín (V26LG2FRV6)', hash='FCD496D067410FC6581C75F47507A4FA1ECD06A5', serialNumber='1B07EB9658EB75BC6FEB49177529E15E', certificateKinds='(
    "1.2.840.113635.100.6.1.12",
    "1.2.840.113635.100.6.1.2"
), issueDate='2023-07-14 15:23:42 +0000''>', entitlements='{
    "application-identifier" = "2ZK9UMCA7V.org.identi.Galiani";
    "com.apple.developer.team-identifier" = 2ZK9UMCA7V;
    "get-task-allow" = 1;
}', teamID='2ZK9UMCA7V', identifier='org.identi.Galiani', executablePath='<DVTFilePath:0x60001b771f20:'/Users/bluumi/Library/Developer/Xcode/Archives/2023-10-06/Galiani 6-10-23, 09.34.xcarchive/Products/Applications/Galiani.app/Galiani'>', hardenedRuntime='0'>'> are: {
    "application-identifier" = "2ZK9UMCA7V.org.identi.Galiani";
    "com.apple.developer.team-identifier" = 2ZK9UMCA7V;
    "get-task-allow" = 1;
}
2023-10-06 07:36:58 +0000  Writing entitlements for <IDEDistributionItem: 0x60001b8386c0; bundleID='org.identi.Galiani', path='<DVTFilePath:0x60000bb39420:'/Users/bluumi/Library/Developer/Xcode/Archives/2023-10-06/Galiani 6-10-23, 09.34.xcarchive/Products/Applications/Galiani.app'>', codeSigningInfo='<_DVTCodeSigningInformation_Path: 0x60004b1c98b0; isSigned='1', isAdHocSigned='0', signingCertificate='<DVTSigningCertificate: 0x600006788fc0; name='Apple Development: Helio Martín (V26LG2FRV6)', hash='FCD496D067410FC6581C75F47507A4FA1ECD06A5', serialNumber='1B07EB9658EB75BC6FEB49177529E15E', certificateKinds='(
    "1.2.840.113635.100.6.1.12",
    "1.2.840.113635.100.6.1.2"
), issueDate='2023-07-14 15:23:42 +0000''>', entitlements='{
    "application-identifier" = "2ZK9UMCA7V.org.identi.Galiani";
    "com.apple.developer.team-identifier" = 2ZK9UMCA7V;
    "get-task-allow" = 1;
}', teamID='2ZK9UMCA7V', identifier='org.identi.Galiani', executablePath='<DVTFilePath:0x60001b771f20:'/Users/bluumi/Library/Developer/Xcode/Archives/2023-10-06/Galiani 6-10-23, 09.34.xcarchive/Products/Applications/Galiani.app/Galiani'>', hardenedRuntime='0'>'> to: /var/folders/7j/wm6cxdy168sgx2wt6vx1nqk80000gn/T/XcodeDistPipeline.~~~WcLh7W/entitlements~~~kBtTPJ
2023-10-06 07:36:58 +0000  Running /usr/bin/codesign '-vvv' '--force' '--sign' 'FCD496D067410FC6581C75F47507A4FA1ECD06A5' '--entitlements' '/var/folders/7j/wm6cxdy168sgx2wt6vx1nqk80000gn/T/XcodeDistPipeline.~~~WcLh7W/entitlements~~~kBtTPJ' '--generate-entitlement-der' '--preserve-metadata=identifier,flags,runtime' '/var/folders/7j/wm6cxdy168sgx2wt6vx1nqk80000gn/T/XcodeDistPipeline.~~~WcLh7W/Root/Payload/Galiani.app'
2023-10-06 07:36:58 +0000  /var/folders/7j/wm6cxdy168sgx2wt6vx1nqk80000gn/T/XcodeDistPipeline.~~~WcLh7W/Root/Payload/Galiani.app: replacing existing signature
2023-10-06 07:36:58 +0000  /var/folders/7j/wm6cxdy168sgx2wt6vx1nqk80000gn/T/XcodeDistPipeline.~~~WcLh7W/Root/Payload/Galiani.app: signed app bundle with Mach-O thin (arm64) [org.identi.Galiani]
2023-10-06 07:36:58 +0000  /usr/bin/codesign exited with 0
2023-10-06 07:36:58 +0000  Processing step: IDEDistributionZipODRItemStep
2023-10-06 07:36:58 +0000  Skipping step: IDEDistributionZipODRItemStep because it said so
2023-10-06 07:36:58 +0000  Processing step: IDEDistributionCreateIPAStep
2023-10-06 07:36:58 +0000  Running /usr/bin/ditto '-V' '-c' '-k' '--norsrc' '/var/folders/7j/wm6cxdy168sgx2wt6vx1nqk80000gn/T/XcodeDistPipeline.~~~WcLh7W/Root' '/var/folders/7j/wm6cxdy168sgx2wt6vx1nqk80000gn/T/XcodeDistPipeline.~~~WcLh7W/Packages/Galiani.ipa'
2023-10-06 07:36:58 +0000  >>> Copying /var/folders/7j/wm6cxdy168sgx2wt6vx1nqk80000gn/T/XcodeDistPipeline.~~~WcLh7W/Root 
2023-10-06 07:36:58 +0000  copying file ./Payload/Galiani.app/CommonInitButtonView.nib ... 
2023-10-06 07:36:58 +0000  1124 bytes for ./Payload/Galiani.app/CommonInitButtonView.nib
2023-10-06 07:36:58 +0000  copying file ./Payload/Galiani.app/_CodeSignature/CodeResources ... 
2023-10-06 07:36:58 +0000  16274 bytes for ./Payload/Galiani.app/_CodeSignature/CodeResources
2023-10-06 07:36:58 +0000  copying file ./Payload/Galiani.app/LoginEmailViewController.nib ... 
2023-10-06 07:36:58 +0000  12022 bytes for ./Payload/Galiani.app/LoginEmailViewController.nib
copying file ./Payload/Galiani.app/CommonWriteChatView.nib ... 
2023-10-06 07:36:58 +0000  3819 bytes for ./Payload/Galiani.app/CommonWriteChatView.nib
copying file ./Payload/Galiani.app/TestCell.nib ... 
2023-10-06 07:36:58 +0000  4838 bytes for ./Payload/Galiani.app/TestCell.nib
copying file ./Payload/Galiani.app/InitiationViewController.nib ... 
2023-10-06 07:36:58 +0000  9122 bytes for ./Payload/Galiani.app/InitiationViewController.nib
copying file ./Payload/Galiani.app/CommonLoginTextfield.nib ... 
2023-10-06 07:36:58 +0000  4100 bytes for ./Payload/Galiani.app/CommonLoginTextfield.nib
2023-10-06 07:36:58 +0000  copying file ./Payload/Galiani.app/en.lproj/Localizable.strings ... 
2023-10-06 07:36:58 +0000  5406 bytes for ./Payload/Galiani.app/en.lproj/Localizable.strings
copying file ./Payload/Galiani.app/CommonInputTextField.nib ... 
2023-10-06 07:36:58 +0000  2193 bytes for ./Payload/Galiani.app/CommonInputTextField.nib
copying file ./Payload/Galiani.app/PdfViewController.nib ... 
2023-10-06 07:36:58 +0000  2262 bytes for ./Payload/Galiani.app/PdfViewController.nib
copying file ./Payload/Galiani.app/VideosButtonView.nib ... 
2023-10-06 07:36:58 +0000  2717 bytes for ./Payload/Galiani.app/VideosButtonView.nib
copying file ./Payload/Galiani.app/QuestionsCell.nib ... 
2023-10-06 07:36:58 +0000  5056 bytes for ./Payload/Galiani.app/QuestionsCell.nib
2023-10-06 07:36:58 +0000  copying file ./Payload/Galiani.app/CommonFieldView.nib ... 
2023-10-06 07:36:58 +0000  4552 bytes for ./Payload/Galiani.app/CommonFieldView.nib
2023-10-06 07:36:58 +0000  copying file ./Payload/Galiani.app/es.lproj/LaunchScreen.strings ... 
1 bytes for ./Payload/Galiani.app/es.lproj/LaunchScreen.strings
copying file ./Payload/Galiani.app/es.lproj/Localizable.strings ... 
2023-10-06 07:36:58 +0000  5423 bytes for ./Payload/Galiani.app/es.lproj/Localizable.strings
2023-10-06 07:36:58 +0000  copying file ./Payload/Galiani.app/VideoCell.nib ... 
2023-10-06 07:36:58 +0000  7423 bytes for ./Payload/Galiani.app/VideoCell.nib
2023-10-06 07:36:58 +0000  copying file ./Payload/Galiani.app/MapsViewController.nib ... 
2023-10-06 07:36:58 +0000  4882 bytes for ./Payload/Galiani.app/MapsViewController.nib
2023-10-06 07:36:58 +0000  copying file ./Payload/Galiani.app/PolicyCell.nib ... 
2023-10-06 07:36:58 +0000  6373 bytes for ./Payload/Galiani.app/PolicyCell.nib
2023-10-06 07:36:58 +0000  copying file ./Payload/Galiani.app/NotificationsCell.nib ... 
2023-10-06 07:36:58 +0000  5840 bytes for ./Payload/Galiani.app/NotificationsCell.nib
2023-10-06 07:36:58 +0000  copying file ./Payload/Galiani.app/DiaryViewController.nib ... 
2023-10-06 07:36:58 +0000  2975 bytes for ./Payload/Galiani.app/DiaryViewController.nib
copying file ./Payload/Galiani.app/CompanyViewController.nib ... 
2023-10-06 07:36:58 +0000  10187 bytes for ./Payload/Galiani.app/CompanyViewController.nib
2023-10-06 07:36:58 +0000  copying file ./Payload/Galiani.app/Raleway-Regular.ttf ... 
2023-10-06 07:36:58 +0000  163388 bytes for ./Payload/Galiani.app/Raleway-Regular.ttf
2023-10-06 07:36:58 +0000  copying file ./Payload/Galiani.app/SDWebImage_SDWebImage.bundle/PrivacyInfo.xcprivacy ... 
599 bytes for ./Payload/Galiani.app/SDWebImage_SDWebImage.bundle/PrivacyInfo.xcprivacy
copying file ./Payload/Galiani.app/SDWebImage_SDWebImage.bundle/Info.plist ... 
2023-10-06 07:36:58 +0000  691 bytes for ./Payload/Galiani.app/SDWebImage_SDWebImage.bundle/Info.plist
copying file ./Payload/Galiani.app/ProfileViewController.nib ... 
2023-10-06 07:36:58 +0000  23175 bytes for ./Payload/Galiani.app/ProfileViewController.nib
copying file ./Payload/Galiani.app/CommonTextfield.nib ... 
2023-10-06 07:36:58 +0000  4100 bytes for ./Payload/Galiani.app/CommonTextfield.nib
copying file ./Payload/Galiani.app/HomeViewController.nib ... 
2023-10-06 07:36:58 +0000  1225 bytes for ./Payload/Galiani.app/HomeViewController.nib
copying file ./Payload/Galiani.app/GenderCollectionViewCell.nib ... 
2023-10-06 07:36:58 +0000  4044 bytes for ./Payload/Galiani.app/GenderCollectionViewCell.nib
copying file ./Payload/Galiani.app/Base.lproj/LaunchScreen.storyboardc/01J-lp-oVM-view-Ze5-6b-2t3.nib ... 
2023-10-06 07:36:58 +0000  2755 bytes for ./Payload/Galiani.app/Base.lproj/LaunchScreen.storyboardc/01J-lp-oVM-view-Ze5-6b-2t3.nib
2023-10-06 07:36:58 +0000  copying file ./Payload/Galiani.app/Base.lproj/LaunchScreen.storyboardc/UIViewController-01J-lp-oVM.nib ... 
924 bytes for ./Payload/Galiani.app/Base.lproj/LaunchScreen.storyboardc/UIViewController-01J-lp-oVM.nib
copying file ./Payload/Galiani.app/Base.lproj/LaunchScreen.storyboardc/Info.plist ... 
2023-10-06 07:36:58 +0000  258 bytes for ./Payload/Galiani.app/Base.lproj/LaunchScreen.storyboardc/Info.plist
copying file ./Payload/Galiani.app/CategoryCell.nib ... 
2023-10-06 07:36:58 +0000  4309 bytes for ./Payload/Galiani.app/CategoryCell.nib
copying file ./Payload/Galiani.app/README.md ... 
2023-10-06 07:36:58 +0000  6214 bytes for ./Payload/Galiani.app/README.md
copying file ./Payload/Galiani.app/GuideViewController.nib ... 
2023-10-06 07:36:58 +0000  5765 bytes for ./Payload/Galiani.app/GuideViewController.nib
copying file ./Payload/Galiani.app/SliderCollectionViewCell.nib ... 
2023-10-06 07:36:58 +0000  3847 bytes for ./Payload/Galiani.app/SliderCollectionViewCell.nib
2023-10-06 07:36:58 +0000  copying file ./Payload/Galiani.app/PopUpDeleteViewController.nib ... 
2023-10-06 07:36:58 +0000  6327 bytes for ./Payload/Galiani.app/PopUpDeleteViewController.nib
copying file ./Payload/Galiani.app/Assets.car ... 
2023-10-06 07:36:58 +0000  300287 bytes for ./Payload/Galiani.app/Assets.car
copying file ./Payload/Galiani.app/TestViewController.nib ... 
2023-10-06 07:36:58 +0000  8693 bytes for ./Payload/Galiani.app/TestViewController.nib
copying file ./Payload/Galiani.app/GuideSafariViewController.nib ... 
2023-10-06 07:36:58 +0000  4710 bytes for ./Payload/Galiani.app/GuideSafariViewController.nib
copying file ./Payload/Galiani.app/RecoverPasswordViewController.nib ... 
2023-10-06 07:36:58 +0000  10592 bytes for ./Payload/Galiani.app/RecoverPasswordViewController.nib
copying file ./Payload/Galiani.app/MenuViewController.nib ... 
2023-10-06 07:36:58 +0000  4381 bytes for ./Payload/Galiani.app/MenuViewController.nib
copying file ./Payload/Galiani.app/CoachingViewController.nib ... 
2023-10-06 07:36:58 +0000  4348 bytes for ./Payload/Galiani.app/CoachingViewController.nib
copying file ./Payload/Galiani.app/Galiani ... 
2023-10-06 07:36:59 +0000  1863104 bytes for ./Payload/Galiani.app/Galiani
copying file ./Payload/Galiani.app/GuideCell.nib ... 
2023-10-06 07:36:59 +0000  4673 bytes for ./Payload/Galiani.app/GuideCell.nib
copying file ./Payload/Galiani.app/chatBot.html ... 
1076 bytes for ./Payload/Galiani.app/chatBot.html
copying file ./Payload/Galiani.app/ChatCell.nib ... 
2023-10-06 07:36:59 +0000  4453 bytes for ./Payload/Galiani.app/ChatCell.nib
copying file ./Payload/Galiani.app/HomeItemViewController.nib ... 
2023-10-06 07:36:59 +0000  6475 bytes for ./Payload/Galiani.app/HomeItemViewController.nib
copying file ./Payload/Galiani.app/PlanCell.nib ... 
2023-10-06 07:36:59 +0000  9720 bytes for ./Payload/Galiani.app/PlanCell.nib
copying file ./Payload/Galiani.app/SplashViewController.nib ... 
2023-10-06 07:36:59 +0000  3247 bytes for ./Payload/Galiani.app/SplashViewController.nib
copying file ./Payload/Galiani.app/ToolBoxViewController.nib ... 
2023-10-06 07:36:59 +0000  8764 bytes for ./Payload/Galiani.app/ToolBoxViewController.nib
copying file ./Payload/Galiani.app/DetailToolBoxViewController.nib ... 
2023-10-06 07:36:59 +0000  8769 bytes for ./Payload/Galiani.app/DetailToolBoxViewController.nib
copying file ./Payload/Galiani.app/CommonGalianiNavigationBar.nib ... 
2023-10-06 07:36:59 +0000  2774 bytes for ./Payload/Galiani.app/CommonGalianiNavigationBar.nib
copying file ./Payload/Galiani.app/InitiationProgressBarView.nib ... 
2023-10-06 07:36:59 +0000  4133 bytes for ./Payload/Galiani.app/InitiationProgressBarView.nib
copying file ./Payload/Galiani.app/DateViewController.nib ... 
2023-10-06 07:36:59 +0000  1225 bytes for ./Payload/Galiani.app/DateViewController.nib
copying file ./Payload/Galiani.app/embedded.mobileprovision ... 
2023-10-06 07:36:59 +0000  37179 bytes for ./Payload/Galiani.app/embedded.mobileprovision
2023-10-06 07:36:59 +0000  copying file ./Payload/Galiani.app/MenuCell.nib ... 
2023-10-06 07:36:59 +0000  4465 bytes for ./Payload/Galiani.app/MenuCell.nib
copying file ./Payload/Galiani.app/MapsCell.nib ... 
2023-10-06 07:36:59 +0000  4383 bytes for ./Payload/Galiani.app/MapsCell.nib
2023-10-06 07:36:59 +0000  copying file ./Payload/Galiani.app/Raleway-Bold.ttf ... 
2023-10-06 07:36:59 +0000  163276 bytes for ./Payload/Galiani.app/Raleway-Bold.ttf
2023-10-06 07:36:59 +0000  copying file ./Payload/Galiani.app/Info.plist ... 
1573 bytes for ./Payload/Galiani.app/Info.plist
copying file ./Payload/Galiani.app/ScriptViewController.nib ... 
2023-10-06 07:36:59 +0000  3766 bytes for ./Payload/Galiani.app/ScriptViewController.nib
2023-10-06 07:36:59 +0000  copying file ./Payload/Galiani.app/CommonNavigationBar.nib ... 
2023-10-06 07:36:59 +0000  6210 bytes for ./Payload/Galiani.app/CommonNavigationBar.nib
2023-10-06 07:36:59 +0000  copying file ./Payload/Galiani.app/PkgInfo ... 
8 bytes for ./Payload/Galiani.app/PkgInfo
copying file ./Payload/Galiani.app/SignUpViewController.nib ... 
2023-10-06 07:36:59 +0000  13089 bytes for ./Payload/Galiani.app/SignUpViewController.nib
2023-10-06 07:36:59 +0000  copying file ./Payload/Galiani.app/DiaryCell.nib ... 
2023-10-06 07:36:59 +0000  5669 bytes for ./Payload/Galiani.app/DiaryCell.nib
2023-10-06 07:36:59 +0000  /usr/bin/ditto exited with 0
2023-10-06 07:36:59 +0000  Processing step: IDEDistributionAppStoreInformationStep
2023-10-06 07:36:59 +0000  Skipping step: IDEDistributionAppStoreInformationStep because it said so
2023-10-06 07:36:59 +0000  Processing step: IDEDistributionGenerateProcessedDistributionItems
2023-10-06 07:36:59 +0000  IDEDistributionItem init <DVTFilePath:0x60000baa3aa0:'/var/folders/7j/wm6cxdy168sgx2wt6vx1nqk80000gn/T/XcodeDistPipeline.~~~WcLh7W/Root/Payload/Galiani.app'>
2023-10-06 07:36:59 +0000  Processing step: IDEDistributionCreateManifestStep
